<?xml version="1.0" encoding="UTF-8"?>
<!-- Generated by org.testng.reporters.JUnitXMLReporter -->
<testsuite hostname="DESKTOP-OCHAU49" ignored="0" name="all test" tests="12" failures="1" timestamp="09 Mar 2021 03:52:14 GMT" time="0.042" errors="0">
  <testcase name="Test" time="0.002" classname="com.Calculator.Test.TestUnit"/>
  <testcase name="Test" time="0.001" classname="com.Calculator.Test.TestUnit"/>
  <testcase name="Test" time="0.009" classname="com.Calculator.Test.TestUnit"/>
  <testcase name="Test" time="0.0" classname="com.Calculator.Test.TestUnit"/>
  <testcase name="Test1" time="0.0" classname="com.Calculator.Test.TestUnit">
    <failure type="org.testng.TestNGException" message="
Method Test1 requires 2 parameters but 1 were supplied in the @Test annotation.">
      <![CDATA[org.testng.TestNGException: 
Method Test1 requires 2 parameters but 1 were supplied in the @Test annotation.
... Removed 24 stack frames]]>
    </failure>
  </testcase> <!-- Test1 -->
  <testcase name="Test2" time="0.0" classname="com.Calculator.Test.TestUnit"/>
  <testcase name="Test3" time="0.0" classname="com.Calculator.Test.TestUnit"/>
  <testcase name="TestFalse" time="0.001" classname="com.Calculator.Test.TestUnit"/>
  <testcase name="TestFalse" time="0.001" classname="com.Calculator.Test.TestUnit"/>
  <testcase name="TestFalse" time="0.001" classname="com.Calculator.Test.TestUnit"/>
  <testcase name="TestFalse" time="0.0" classname="com.Calculator.Test.TestUnit"/>
  <testcase name="Testnull" time="0.0" classname="com.Calculator.Test.TestUnit"/>
</testsuite> <!-- all test -->
