<?xml version="1.0" encoding="UTF-8"?>
<!-- Generated by org.testng.reporters.JUnitXMLReporter -->
<testsuite hostname="DESKTOP-OCHAU49" ignored="5" name="Two Parameter" tests="1" failures="1" timestamp="09 Mar 2021 03:52:14 GMT" time="0.016" errors="0">
  <testcase name="Test1" time="0.0" classname="com.Calculator.Test.TestUnit">
    <failure type="org.testng.TestNGException" message="
Method Test1 requires 2 parameters but 1 were supplied in the @Test annotation.">
      <![CDATA[org.testng.TestNGException: 
Method Test1 requires 2 parameters but 1 were supplied in the @Test annotation.
... Removed 24 stack frames]]>
    </failure>
  </testcase> <!-- Test1 -->
  <testcase name="TestFalse" time="0.0" classname="com.Calculator.Test.TestUnit">
    <ignored/>
  </testcase> <!-- TestFalse -->
  <testcase name="Testnull" time="0.0" classname="com.Calculator.Test.TestUnit">
    <ignored/>
  </testcase> <!-- Testnull -->
  <testcase name="Test" time="0.0" classname="com.Calculator.Test.TestUnit">
    <ignored/>
  </testcase> <!-- Test -->
  <testcase name="Test2" time="0.0" classname="com.Calculator.Test.TestUnit">
    <ignored/>
  </testcase> <!-- Test2 -->
  <testcase name="Test3" time="0.0" classname="com.Calculator.Test.TestUnit">
    <ignored/>
  </testcase> <!-- Test3 -->
</testsuite> <!-- Two Parameter -->
